TN:
SF:src/config/db.js
FNF:0
FNH:0
DA:1,3
DA:2,3
DA:4,3
DA:5,3
DA:7,3
DA:8,0
DA:9,0
DA:12,3
DA:14,3
LF:9
LH:7
BRDA:7,0,0,0
BRDA:7,0,1,3
BRDA:7,1,0,3
BRDA:7,1,1,3
BRF:4
BRH:3
end_of_record
TN:
SF:src/services/auth.service.js
FN:5,registerUser
FN:32,login
FNF:2
FNH:1
FNDA:3,registerUser
FNDA:0,login
DA:1,1
DA:2,1
DA:3,1
DA:6,3
DA:7,2
DA:8,1
DA:10,0
DA:11,0
DA:13,0
DA:24,0
DA:25,0
DA:26,0
DA:29,0
DA:33,0
DA:35,0
DA:41,0
DA:42,0
DA:45,0
DA:46,0
DA:48,0
DA:49,0
DA:51,0
DA:54,1
LF:23
LH:7
BRDA:6,0,0,1
BRDA:6,0,1,2
BRDA:6,1,0,3
BRDA:6,1,1,2
BRDA:7,2,0,1
BRDA:7,2,1,1
BRDA:7,3,0,2
BRDA:7,3,1,2
BRDA:8,4,0,1
BRDA:8,4,1,0
BRDA:8,5,0,1
BRDA:8,5,1,1
BRDA:24,6,0,0
BRDA:24,6,1,0
BRDA:25,7,0,0
BRDA:25,7,1,0
BRDA:33,8,0,0
BRDA:33,8,1,0
BRDA:33,9,0,0
BRDA:33,9,1,0
BRDA:41,10,0,0
BRDA:41,10,1,0
BRDA:41,11,0,0
BRDA:41,11,1,0
BRDA:46,12,0,0
BRDA:46,12,1,0
BRF:26
BRH:11
end_of_record
TN:
SF:src/services/permission.service.js
FN:3,getAllPermissions
FN:17,getPermissionById
FN:32,createPermission
FN:51,updatePermission
FN:71,deletePermission
FNF:5
FNH:2
FNDA:0,getAllPermissions
FNDA:0,getPermissionById
FNDA:1,createPermission
FNDA:1,updatePermission
FNDA:0,deletePermission
DA:1,1
DA:4,0
DA:9,0
DA:10,0
DA:11,0
DA:14,0
DA:18,0
DA:24,0
DA:25,0
DA:26,0
DA:29,0
DA:33,1
DA:34,1
DA:37,0
DA:43,0
DA:44,0
DA:45,0
DA:48,0
DA:52,1
DA:53,1
DA:56,0
DA:63,0
DA:64,0
DA:65,0
DA:68,0
DA:72,0
DA:77,0
DA:78,0
DA:79,0
DA:82,0
DA:85,1
LF:31
LH:6
BRDA:9,0,0,0
BRDA:9,0,1,0
BRDA:24,1,0,0
BRDA:24,1,1,0
BRDA:24,2,0,0
BRDA:24,2,1,0
BRDA:33,3,0,1
BRDA:33,3,1,0
BRDA:33,4,0,1
BRDA:33,4,1,1
BRDA:43,5,0,0
BRDA:43,5,1,0
BRDA:52,6,0,1
BRDA:52,6,1,0
BRDA:52,7,0,1
BRDA:52,7,1,0
BRDA:63,8,0,0
BRDA:63,8,1,0
BRDA:63,9,0,0
BRDA:63,9,1,0
BRDA:77,10,0,0
BRDA:77,10,1,0
BRF:22
BRH:5
end_of_record
TN:
SF:src/services/role.service.js
FN:3,getAllRoles
FN:17,getRoleById
FN:32,createRole
FN:51,updateRole
FN:71,deleteRole
FNF:5
FNH:2
FNDA:0,getAllRoles
FNDA:0,getRoleById
FNDA:1,createRole
FNDA:1,updateRole
FNDA:0,deleteRole
DA:1,1
DA:4,0
DA:9,0
DA:10,0
DA:11,0
DA:14,0
DA:18,0
DA:24,0
DA:25,0
DA:26,0
DA:29,0
DA:33,1
DA:34,1
DA:37,0
DA:43,0
DA:44,0
DA:45,0
DA:48,0
DA:52,1
DA:53,1
DA:56,0
DA:63,0
DA:64,0
DA:65,0
DA:68,0
DA:72,0
DA:77,0
DA:78,0
DA:79,0
DA:82,0
DA:85,1
LF:31
LH:6
BRDA:9,0,0,0
BRDA:9,0,1,0
BRDA:24,1,0,0
BRDA:24,1,1,0
BRDA:24,2,0,0
BRDA:24,2,1,0
BRDA:33,3,0,1
BRDA:33,3,1,0
BRDA:33,4,0,1
BRDA:33,4,1,1
BRDA:43,5,0,0
BRDA:43,5,1,0
BRDA:52,6,0,1
BRDA:52,6,1,0
BRDA:52,7,0,1
BRDA:52,7,1,0
BRDA:63,8,0,0
BRDA:63,8,1,0
BRDA:63,9,0,0
BRDA:63,9,1,0
BRDA:77,10,0,0
BRDA:77,10,1,0
BRF:22
BRH:5
end_of_record
